... logging to /home/qushuo/.ros/log/5c8269e8-a0f6-11ea-b734-3c950961f4e5/roslaunch-qushuo-13493.log
Checking log directory for disk usage. This may take awhile.
Press Ctrl-C to interrupt
Done checking log file disk usage. Usage is <1GB.
]2;/home/qushuo/work/Team109/ros_ws/src/waterplus_map_tools/launch/wpb_home_nav_test.launch
[1mstarted roslaunch server http://qushuo:34151/[0m

SUMMARY
========

PARAMETERS
 * /amcl/gui_publish_rate: 10.0
 * /amcl/kld_err: 0.05
 * /amcl/kld_z: 0.99
 * /amcl/laser_lambda_short: 0.1
 * /amcl/laser_likelihood_max_dist: 2.0
 * /amcl/laser_max_beams: 30
 * /amcl/laser_model_type: likelihood_field
 * /amcl/laser_sigma_hit: 0.2
 * /amcl/laser_z_hit: 0.5
 * /amcl/laser_z_max: 0.05
 * /amcl/laser_z_rand: 0.5
 * /amcl/laser_z_short: 0.05
 * /amcl/max_particles: 1000
 * /amcl/min_particles: 100
 * /amcl/odom_alpha1: 0.2
 * /amcl/odom_alpha2: 0.2
 * /amcl/odom_alpha3: 0.8
 * /amcl/odom_alpha4: 0.2
 * /amcl/odom_alpha5: 0.1
 * /amcl/odom_frame_id: odom
 * /amcl/odom_model_type: omni
 * /amcl/recovery_alpha_fast: 0.0
 * /amcl/recovery_alpha_slow: 0.0
 * /amcl/resample_interval: 1
 * /amcl/transform_tolerance: 0.1
 * /amcl/update_min_a: 0.5
 * /amcl/update_min_d: 0.2
 * /move_base/base_global_planner: global_planner/Gl...
 * /move_base/base_local_planner: wpbh_local_planne...
 * /move_base/controller_frequency: 10.0
 * /move_base/global_costmap/cost_scaling_factor: 10.0
 * /move_base/global_costmap/global_frame: map
 * /move_base/global_costmap/inflation_radius: 0.3
 * /move_base/global_costmap/observation_sources: scan_filtered
 * /move_base/global_costmap/obstacle_range: 6.0
 * /move_base/global_costmap/raytrace_range: 6.0
 * /move_base/global_costmap/robot_base_frame: base_footprint
 * /move_base/global_costmap/robot_radius: 0.25
 * /move_base/global_costmap/scan_filtered/clearing: True
 * /move_base/global_costmap/scan_filtered/data_type: LaserScan
 * /move_base/global_costmap/scan_filtered/marking: True
 * /move_base/global_costmap/scan_filtered/max_obstacle_height: 1.5
 * /move_base/global_costmap/scan_filtered/min_obstacle_height: 0.0
 * /move_base/global_costmap/scan_filtered/observation_persistence: 0.0
 * /move_base/global_costmap/scan_filtered/sensor_frame: base_footprint
 * /move_base/global_costmap/scan_filtered/topic: /scan_filtered
 * /move_base/global_costmap/static_map: True
 * /move_base/global_costmap/transform_tolerance: 1.0
 * /move_base/global_costmap/update_frequency: 1.0
 * /move_base/local_costmap/cost_scaling_factor: 10.0
 * /move_base/local_costmap/global_frame: odom
 * /move_base/local_costmap/height: 3.0
 * /move_base/local_costmap/inflation_radius: 0.3
 * /move_base/local_costmap/observation_sources: scan_filtered
 * /move_base/local_costmap/obstacle_range: 6.0
 * /move_base/local_costmap/plugins: [{'type': 'costma...
 * /move_base/local_costmap/publish_frequency: 3.0
 * /move_base/local_costmap/raytrace_range: 6.0
 * /move_base/local_costmap/resolution: 0.05
 * /move_base/local_costmap/robot_base_frame: base_footprint
 * /move_base/local_costmap/robot_radius: 0.25
 * /move_base/local_costmap/rolling_window: True
 * /move_base/local_costmap/scan_filtered/clearing: True
 * /move_base/local_costmap/scan_filtered/data_type: LaserScan
 * /move_base/local_costmap/scan_filtered/marking: True
 * /move_base/local_costmap/scan_filtered/max_obstacle_height: 1.5
 * /move_base/local_costmap/scan_filtered/min_obstacle_height: 0.0
 * /move_base/local_costmap/scan_filtered/observation_persistence: 0.0
 * /move_base/local_costmap/scan_filtered/sensor_frame: base_footprint
 * /move_base/local_costmap/scan_filtered/topic: /scan_filtered
 * /move_base/local_costmap/static_map: False
 * /move_base/local_costmap/transform_tolerance: 0.1
 * /move_base/local_costmap/update_frequency: 5.0
 * /move_base/local_costmap/width: 3.0
 * /move_base/use_dijkstra: True
 * /robot_description: <?xml version="1....
 * /rosdistro: kinetic
 * /rosversion: 1.12.14
 * /rplidarNode/angle_compensate: True
 * /rplidarNode/frame_id: laser
 * /rplidarNode/inverted: False
 * /rplidarNode/serial_baudrate: 115200
 * /rplidarNode/serial_port: /dev/rplidar
 * /use_gui: True
 * /wpb_home_lidar_filter/pub_topic: /scan

NODES
  /
    amcl (amcl/amcl)
    map_server (map_server/map_server)
    move_base (move_base/move_base)
    robot_state_publisher (robot_state_publisher/state_publisher)
    rplidarNode (rplidar_ros/rplidarNode)
    rviz (rviz/rviz)
    wpb_home_lidar_filter (wpb_home_bringup/wpb_home_lidar_filter)

[1mROS_MASTER_URI=http://localhost:11311[0m
]2;/home/qushuo/work/Team109/ros_ws/src/waterplus_map_tools/launch/wpb_home_nav_test.launch http://localhost:11311
[1mprocess[wpb_home_lidar_filter-2]: started with pid [13563][0m
[1mprocess[map_server-3]: started with pid [13564][0m
[1mprocess[amcl-4]: started with pid [13590][0m
[1mprocess[move_base-5]: started with pid [13591][0m
[1mprocess[robot_state_publisher-6]: started with pid [13592][0m
[1mprocess[rviz-7]: started with pid [13593][0m
[rviz-7] killing on exit
[robot_state_publisher-6] killing on exit
[move_base-5] killing on exit
[amcl-4] killing on exit
[wpb_home_lidar_filter-2] killing on exit
shutting down processing monitor...
... shutting down processing monitor complete
[1mdone[0m
